<?xml version="1.0" encoding="UTF-8"?>
<testsuite xmlns:xsi="http://www.w3.org/2001/XMLSchema-instance" xsi:noNamespaceSchemaLocation="https://maven.apache.org/surefire/maven-surefire-plugin/xsd/surefire-test-report.xsd" name="UserManagementServiceTest" time="5.533" tests="1" errors="1" skipped="0" failures="0">
  <properties>
[...]
</properties>
  <testcase name="testUpdateAuthKey" classname="UserManagementServiceTest" time="5.485">
    <error message="User not updated, or no such user." type="java.lang.Exception">java.lang.Exception: User not updated, or no such user.
	at UserManagementServiceTest.testUpdateAuthKey(UserManagementServiceTest.java:44)
</error>
  </testcase>
</testsuite>